java.lang.NullPointerException
	at com.color.game.levels.Tutorial.getTutorial(Tutorial.java:78)
	at com.color.game.elements.staticelements.sensors.Notice.<init>(Notice.java:20)
	at com.color.game.levels.mapcreator.elements.objects.TiledNotices.createNotices(TiledNotices.java:28)
	at com.color.game.levels.mapcreator.elements.objects.TiledNotices.loadElements(TiledNotices.java:19)
	at com.color.game.levels.mapcreator.TiledMapLoader.loadMap(TiledMapLoader.java:84)
	at com.color.game.levels.Level.<init>(Level.java:111)
	at com.color.game.levels.LevelManager.loadLevels(LevelManager.java:87)
	at com.color.game.levels.LevelManager.init(LevelManager.java:78)
	at com.color.game.ColorGame.init(ColorGame.java:56)
	at com.color.game.screens.SplashScreen$2.run(SplashScreen.java:85)
	at com.badlogic.gdx.scenes.scene2d.actions.RunnableAction.run(RunnableAction.java:42)
	at com.badlogic.gdx.scenes.scene2d.actions.RunnableAction.act(RunnableAction.java:32)
	at com.badlogic.gdx.scenes.scene2d.actions.SequenceAction.act(SequenceAction.java:65)
	at com.badlogic.gdx.scenes.scene2d.Actor.act(Actor.java:95)
	at com.badlogic.gdx.scenes.scene2d.Group.act(Group.java:49)
	at com.badlogic.gdx.scenes.scene2d.Stage.act(Stage.java:223)
	at com.badlogic.gdx.scenes.scene2d.Stage.act(Stage.java:186)
	at com.color.game.screens.SplashScreen.render(SplashScreen.java:58)
	at com.badlogic.gdx.Game.render(Game.java:46)
	at com.badlogic.gdx.backends.lwjgl.LwjglApplication.mainLoop(LwjglApplication.java:214)
	at com.badlogic.gdx.backends.lwjgl.LwjglApplication$1.run(LwjglApplication.java:120)
java.lang.NullPointerException
	at com.color.game.levels.Tutorial.getTutorial(Tutorial.java:78)
	at com.color.game.elements.staticelements.sensors.Notice.<init>(Notice.java:20)
	at com.color.game.levels.mapcreator.elements.objects.TiledNotices.createNotices(TiledNotices.java:28)
	at com.color.game.levels.mapcreator.elements.objects.TiledNotices.loadElements(TiledNotices.java:19)
	at com.color.game.levels.mapcreator.TiledMapLoader.loadMap(TiledMapLoader.java:84)
	at com.color.game.levels.Level.<init>(Level.java:111)
	at com.color.game.levels.LevelManager.loadLevels(LevelManager.java:87)
	at com.color.game.levels.LevelManager.init(LevelManager.java:78)
	at com.color.game.ColorGame.init(ColorGame.java:56)
	at com.color.game.screens.SplashScreen$2.run(SplashScreen.java:85)
	at com.badlogic.gdx.scenes.scene2d.actions.RunnableAction.run(RunnableAction.java:42)
	at com.badlogic.gdx.scenes.scene2d.actions.RunnableAction.act(RunnableAction.java:32)
	at com.badlogic.gdx.scenes.scene2d.actions.SequenceAction.act(SequenceAction.java:65)
	at com.badlogic.gdx.scenes.scene2d.Actor.act(Actor.java:95)
	at com.badlogic.gdx.scenes.scene2d.Group.act(Group.java:49)
	at com.badlogic.gdx.scenes.scene2d.Stage.act(Stage.java:223)
	at com.badlogic.gdx.scenes.scene2d.Stage.act(Stage.java:186)
	at com.color.game.screens.SplashScreen.render(SplashScreen.java:58)
	at com.badlogic.gdx.Game.render(Game.java:46)
	at com.badlogic.gdx.backends.lwjgl.LwjglApplication.mainLoop(LwjglApplication.java:214)
	at com.badlogic.gdx.backends.lwjgl.LwjglApplication$1.run(LwjglApplication.java:120)
java.lang.NullPointerException
	at com.color.game.levels.Tutorial.getTutorial(Tutorial.java:78)
	at com.color.game.elements.staticelements.sensors.Notice.<init>(Notice.java:20)
	at com.color.game.levels.mapcreator.elements.objects.TiledNotices.createNotices(TiledNotices.java:28)
	at com.color.game.levels.mapcreator.elements.objects.TiledNotices.loadElements(TiledNotices.java:19)
	at com.color.game.levels.mapcreator.TiledMapLoader.loadMap(TiledMapLoader.java:84)
	at com.color.game.levels.Level.<init>(Level.java:111)
	at com.color.game.levels.LevelManager.loadLevels(LevelManager.java:87)
	at com.color.game.levels.LevelManager.init(LevelManager.java:78)
	at com.color.game.ColorGame.init(ColorGame.java:56)
	at com.color.game.screens.SplashScreen$2.run(SplashScreen.java:85)
	at com.badlogic.gdx.scenes.scene2d.actions.RunnableAction.run(RunnableAction.java:42)
	at com.badlogic.gdx.scenes.scene2d.actions.RunnableAction.act(RunnableAction.java:32)
	at com.badlogic.gdx.scenes.scene2d.actions.SequenceAction.act(SequenceAction.java:65)
	at com.badlogic.gdx.scenes.scene2d.Actor.act(Actor.java:95)
	at com.badlogic.gdx.scenes.scene2d.Group.act(Group.java:49)
	at com.badlogic.gdx.scenes.scene2d.Stage.act(Stage.java:223)
	at com.badlogic.gdx.scenes.scene2d.Stage.act(Stage.java:186)
	at com.color.game.screens.SplashScreen.render(SplashScreen.java:58)
	at com.badlogic.gdx.Game.render(Game.java:46)
	at com.badlogic.gdx.backends.lwjgl.LwjglApplication.mainLoop(LwjglApplication.java:214)
	at com.badlogic.gdx.backends.lwjgl.LwjglApplication$1.run(LwjglApplication.java:120)
java.lang.NullPointerException
	at com.color.game.levels.Tutorial.getTutorial(Tutorial.java:78)
	at com.color.game.elements.staticelements.sensors.Notice.<init>(Notice.java:20)
	at com.color.game.levels.mapcreator.elements.objects.TiledNotices.createNotices(TiledNotices.java:28)
	at com.color.game.levels.mapcreator.elements.objects.TiledNotices.loadElements(TiledNotices.java:19)
	at com.color.game.levels.mapcreator.TiledMapLoader.loadMap(TiledMapLoader.java:84)
	at com.color.game.levels.Level.<init>(Level.java:111)
	at com.color.game.levels.LevelManager.loadLevels(LevelManager.java:87)
	at com.color.game.levels.LevelManager.init(LevelManager.java:78)
	at com.color.game.ColorGame.init(ColorGame.java:56)
	at com.color.game.screens.SplashScreen$2.run(SplashScreen.java:85)
	at com.badlogic.gdx.scenes.scene2d.actions.RunnableAction.run(RunnableAction.java:42)
	at com.badlogic.gdx.scenes.scene2d.actions.RunnableAction.act(RunnableAction.java:32)
	at com.badlogic.gdx.scenes.scene2d.actions.SequenceAction.act(SequenceAction.java:65)
	at com.badlogic.gdx.scenes.scene2d.Actor.act(Actor.java:95)
	at com.badlogic.gdx.scenes.scene2d.Group.act(Group.java:49)
	at com.badlogic.gdx.scenes.scene2d.Stage.act(Stage.java:223)
	at com.badlogic.gdx.scenes.scene2d.Stage.act(Stage.java:186)
	at com.color.game.screens.SplashScreen.render(SplashScreen.java:58)
	at com.badlogic.gdx.Game.render(Game.java:46)
	at com.badlogic.gdx.backends.lwjgl.LwjglApplication.mainLoop(LwjglApplication.java:214)
	at com.badlogic.gdx.backends.lwjgl.LwjglApplication$1.run(LwjglApplication.java:120)
